Successfully load net model

Test set: Avg. loss: 0.5300, Accuracy: 8433/10000 (84%)

torch.Size([2296922, 1])
[10, 100, 1000, 10000, 100000, 1000000, 1185812]
running k-means on cuda:0..
tensor(-0.0037, device='cuda:0')
running k-means on cuda:0..
tensor(-0.0008, device='cuda:0')
running k-means on cuda:0..
tensor(0.0015, device='cuda:0')
running k-means on cuda:0..
tensor(0.0013, device='cuda:0')
running k-means on cuda:0..
tensor(0.0006, device='cuda:0')
running k-means on cuda:0..
tensor(0.0005, device='cuda:0')
tensor([[ 0.1078],
        [-0.0181],
        [ 0.0308],
        ...,
        [-0.0073],
        [ 0.0065],
        [-0.0209]])
tensor([[ 0.1078],
        [-0.0181],
        [ 0.0308],
        ...,
        [-0.0072],
        [ 0.0060],
        [-0.0165]], device='cuda:0')
[864, 32, 32, 1024, 32, 32, 288, 32, 32, 512, 16, 16, 512, 16, 16, 1536, 96, 96, 864, 96, 96, 2304, 24, 24, 384, 24, 24, 3456, 144, 144, 1296, 144, 144, 3456, 24, 24, 3456, 144, 144, 1296, 144, 144, 4608, 32, 32, 6144, 192, 192, 1728, 192, 192, 6144, 32, 32, 6144, 192, 192, 1728, 192, 192, 6144, 32, 32, 6144, 192, 192, 1728, 192, 192, 12288, 64, 64, 24576, 384, 384, 3456, 384, 384, 24576, 64, 64, 24576, 384, 384, 3456, 384, 384, 24576, 64, 64, 24576, 384, 384, 3456, 384, 384, 24576, 64, 64, 24576, 384, 384, 3456, 384, 384, 36864, 96, 96, 6144, 96, 96, 55296, 576, 576, 5184, 576, 576, 55296, 96, 96, 55296, 576, 576, 5184, 576, 576, 55296, 96, 96, 55296, 576, 576, 5184, 576, 576, 92160, 160, 160, 153600, 960, 960, 8640, 960, 960, 153600, 160, 160, 153600, 960, 960, 8640, 960, 960, 153600, 160, 160, 153600, 960, 960, 8640, 960, 960, 307200, 320, 320, 51200, 320, 320, 409600, 1280, 1280, 12800, 10]

Test set: Avg. loss: 0.7790, Accuracy: 7660/10000 (77%)

